ARM GAS  C:\Users\keega\AppData\Local\Temp\cc7rQ34v.s 			page 1


   1              		.syntax unified
   2              		.cpu cortex-m0
   3              		.fpu softvfp
   4              		.eabi_attribute 20, 1
   5              		.eabi_attribute 21, 1
   6              		.eabi_attribute 23, 3
   7              		.eabi_attribute 24, 1
   8              		.eabi_attribute 25, 1
   9              		.eabi_attribute 26, 1
  10              		.eabi_attribute 30, 1
  11              		.eabi_attribute 34, 0
  12              		.eabi_attribute 18, 4
  13              		.thumb
  14              		.syntax unified
  15              		.file	"main.c"
  16              		.text
  17              	.Ltext0:
  18              		.cfi_sections	.debug_frame
  19              		.section	.text.main,"ax",%progbits
  20              		.align	2
  21              		.global	main
  22              		.code	16
  23              		.thumb_func
  24              		.type	main, %function
  25              	main:
  26              	.LFB67:
  27              		.file 1 "main.c"
   1:main.c        **** /* ========================================
   2:main.c        ****  *
   3:main.c        ****  * Copyright YOUR COMPANY, THE YEAR
   4:main.c        ****  * All Rights Reserved
   5:main.c        ****  * UNPUBLISHED, LICENSED SOFTWARE.
   6:main.c        ****  *
   7:main.c        ****  * CONFIDENTIAL AND PROPRIETARY INFORMATION
   8:main.c        ****  * WHICH IS THE PROPERTY OF your company.
   9:main.c        ****  *
  10:main.c        ****  * ========================================
  11:main.c        **** */
  12:main.c        **** #include "project.h"
  13:main.c        **** 
  14:main.c        **** // User-Core Headers
  15:main.c        **** #include "user_core.h"
  16:main.c        **** 
  17:main.c        **** #define VERSION "0.0.0"
  18:main.c        **** 
  19:main.c        **** 
  20:main.c        **** int main(void)
  21:main.c        **** {
  28              		.loc 1 21 0
  29              		.cfi_startproc
  30              		@ Volatile: function does not return.
  31              		@ args = 0, pretend = 0, frame = 0
  32              		@ frame_needed = 0, uses_anonymous_args = 0
  33 0000 10B5     		push	{r4, lr}
  34              		.cfi_def_cfa_offset 8
  35              		.cfi_offset 4, -8
  36              		.cfi_offset 14, -4
ARM GAS  C:\Users\keega\AppData\Local\Temp\cc7rQ34v.s 			page 2


  22:main.c        ****     UserCore_Initalize();
  37              		.loc 1 22 0
  38 0002 FFF7FEFF 		bl	UserCore_Initalize
  39              	.LVL0:
  23:main.c        ****     CyGlobalIntEnable; /* Enable global interrupts. */
  40              		.loc 1 23 0
  41              		.syntax divided
  42              	@ 23 "main.c" 1
  43 0006 62B6     		CPSIE   i
  44              	@ 0 "" 2
  24:main.c        **** 
  25:main.c        ****     sprintf(sdata, "Welcome to Sensor Cluster Firmware Version %s\r\n", VERSION);
  45              		.loc 1 25 0
  46              		.thumb
  47              		.syntax unified
  48 0008 054C     		ldr	r4, .L3
  49 000a 064A     		ldr	r2, .L3+4
  50 000c 0649     		ldr	r1, .L3+8
  51 000e 2000     		movs	r0, r4
  52 0010 FFF7FEFF 		bl	sprintf
  53              	.LVL1:
  26:main.c        ****     UART_Write(sdata, TRUE);
  54              		.loc 1 26 0
  55 0014 0121     		movs	r1, #1
  56 0016 2000     		movs	r0, r4
  57 0018 FFF7FEFF 		bl	UART_Write
  58              	.LVL2:
  59              	.L2:
  60 001c FEE7     		b	.L2
  61              	.L4:
  62 001e C046     		.align	2
  63              	.L3:
  64 0020 00000000 		.word	sdata
  65 0024 00000000 		.word	.LC0
  66 0028 08000000 		.word	.LC2
  67              		.cfi_endproc
  68              	.LFE67:
  69              		.size	main, .-main
  70              		.comm	sdata,255,4
  71              		.section	.rodata.str1.4,"aMS",%progbits,1
  72              		.align	2
  73              	.LC0:
  74 0000 302E302E 		.ascii	"0.0.0\000"
  74      3000
  75 0006 0000     		.space	2
  76              	.LC2:
  77 0008 57656C63 		.ascii	"Welcome to Sensor Cluster Firmware Version %s\015\012"
  77      6F6D6520 
  77      746F2053 
  77      656E736F 
  77      7220436C 
  78 0037 00       		.ascii	"\000"
  79              		.text
  80              	.Letext0:
  81              		.file 2 "user_core.h"
  82              		.file 3 "c:\\program files (x86)\\cypress\\psoc creator\\4.4\\psoc creator\\import\\gnu\\arm\\5.4.
  83              		.section	.debug_info,"",%progbits
ARM GAS  C:\Users\keega\AppData\Local\Temp\cc7rQ34v.s 			page 3


  84              	.Ldebug_info0:
  85 0000 2B010000 		.4byte	0x12b
  86 0004 0400     		.2byte	0x4
  87 0006 00000000 		.4byte	.Ldebug_abbrev0
  88 000a 04       		.byte	0x4
  89 000b 01       		.uleb128 0x1
  90 000c ED000000 		.4byte	.LASF17
  91 0010 0C       		.byte	0xc
  92 0011 6F000000 		.4byte	.LASF18
  93 0015 1B000000 		.4byte	.LASF19
  94 0019 00000000 		.4byte	.Ldebug_ranges0+0
  95 001d 00000000 		.4byte	0
  96 0021 00000000 		.4byte	.Ldebug_line0
  97 0025 02       		.uleb128 0x2
  98 0026 01       		.byte	0x1
  99 0027 06       		.byte	0x6
 100 0028 8E010000 		.4byte	.LASF0
 101 002c 02       		.uleb128 0x2
 102 002d 01       		.byte	0x1
 103 002e 08       		.byte	0x8
 104 002f CA000000 		.4byte	.LASF1
 105 0033 02       		.uleb128 0x2
 106 0034 02       		.byte	0x2
 107 0035 05       		.byte	0x5
 108 0036 B2010000 		.4byte	.LASF2
 109 003a 02       		.uleb128 0x2
 110 003b 02       		.byte	0x2
 111 003c 07       		.byte	0x7
 112 003d 7B010000 		.4byte	.LASF3
 113 0041 02       		.uleb128 0x2
 114 0042 04       		.byte	0x4
 115 0043 05       		.byte	0x5
 116 0044 DD000000 		.4byte	.LASF4
 117 0048 02       		.uleb128 0x2
 118 0049 04       		.byte	0x4
 119 004a 07       		.byte	0x7
 120 004b 96000000 		.4byte	.LASF5
 121 004f 02       		.uleb128 0x2
 122 0050 08       		.byte	0x8
 123 0051 05       		.byte	0x5
 124 0052 00000000 		.4byte	.LASF6
 125 0056 02       		.uleb128 0x2
 126 0057 08       		.byte	0x8
 127 0058 07       		.byte	0x7
 128 0059 A8000000 		.4byte	.LASF7
 129 005d 03       		.uleb128 0x3
 130 005e 04       		.byte	0x4
 131 005f 05       		.byte	0x5
 132 0060 696E7400 		.ascii	"int\000"
 133 0064 02       		.uleb128 0x2
 134 0065 04       		.byte	0x4
 135 0066 07       		.byte	0x7
 136 0067 0E000000 		.4byte	.LASF8
 137 006b 02       		.uleb128 0x2
 138 006c 04       		.byte	0x4
 139 006d 04       		.byte	0x4
 140 006e A6010000 		.4byte	.LASF9
ARM GAS  C:\Users\keega\AppData\Local\Temp\cc7rQ34v.s 			page 4


 141 0072 02       		.uleb128 0x2
 142 0073 08       		.byte	0x8
 143 0074 04       		.byte	0x4
 144 0075 E6000000 		.4byte	.LASF10
 145 0079 02       		.uleb128 0x2
 146 007a 01       		.byte	0x1
 147 007b 08       		.byte	0x8
 148 007c D8000000 		.4byte	.LASF11
 149 0080 02       		.uleb128 0x2
 150 0081 08       		.byte	0x8
 151 0082 04       		.byte	0x4
 152 0083 9A010000 		.4byte	.LASF12
 153 0087 02       		.uleb128 0x2
 154 0088 04       		.byte	0x4
 155 0089 07       		.byte	0x7
 156 008a BC010000 		.4byte	.LASF13
 157 008e 04       		.uleb128 0x4
 158 008f 76000000 		.4byte	.LASF20
 159 0093 01       		.byte	0x1
 160 0094 14       		.byte	0x14
 161 0095 5D000000 		.4byte	0x5d
 162 0099 00000000 		.4byte	.LFB67
 163 009d 2C000000 		.4byte	.LFE67-.LFB67
 164 00a1 01       		.uleb128 0x1
 165 00a2 9C       		.byte	0x9c
 166 00a3 EC000000 		.4byte	0xec
 167 00a7 05       		.uleb128 0x5
 168 00a8 06000000 		.4byte	.LVL0
 169 00ac 0D010000 		.4byte	0x10d
 170 00b0 06       		.uleb128 0x6
 171 00b1 14000000 		.4byte	.LVL1
 172 00b5 18010000 		.4byte	0x118
 173 00b9 D6000000 		.4byte	0xd6
 174 00bd 07       		.uleb128 0x7
 175 00be 01       		.uleb128 0x1
 176 00bf 50       		.byte	0x50
 177 00c0 02       		.uleb128 0x2
 178 00c1 74       		.byte	0x74
 179 00c2 00       		.sleb128 0
 180 00c3 07       		.uleb128 0x7
 181 00c4 01       		.uleb128 0x1
 182 00c5 51       		.byte	0x51
 183 00c6 05       		.uleb128 0x5
 184 00c7 03       		.byte	0x3
 185 00c8 08000000 		.4byte	.LC2
 186 00cc 07       		.uleb128 0x7
 187 00cd 01       		.uleb128 0x1
 188 00ce 52       		.byte	0x52
 189 00cf 05       		.uleb128 0x5
 190 00d0 03       		.byte	0x3
 191 00d1 00000000 		.4byte	.LC0
 192 00d5 00       		.byte	0
 193 00d6 08       		.uleb128 0x8
 194 00d7 1C000000 		.4byte	.LVL2
 195 00db 23010000 		.4byte	0x123
 196 00df 07       		.uleb128 0x7
 197 00e0 01       		.uleb128 0x1
ARM GAS  C:\Users\keega\AppData\Local\Temp\cc7rQ34v.s 			page 5


 198 00e1 50       		.byte	0x50
 199 00e2 02       		.uleb128 0x2
 200 00e3 74       		.byte	0x74
 201 00e4 00       		.sleb128 0
 202 00e5 07       		.uleb128 0x7
 203 00e6 01       		.uleb128 0x1
 204 00e7 51       		.byte	0x51
 205 00e8 01       		.uleb128 0x1
 206 00e9 31       		.byte	0x31
 207 00ea 00       		.byte	0
 208 00eb 00       		.byte	0
 209 00ec 09       		.uleb128 0x9
 210 00ed 79000000 		.4byte	0x79
 211 00f1 FC000000 		.4byte	0xfc
 212 00f5 0A       		.uleb128 0xa
 213 00f6 87000000 		.4byte	0x87
 214 00fa FE       		.byte	0xfe
 215 00fb 00       		.byte	0
 216 00fc 0B       		.uleb128 0xb
 217 00fd AC010000 		.4byte	.LASF21
 218 0101 02       		.byte	0x2
 219 0102 21       		.byte	0x21
 220 0103 EC000000 		.4byte	0xec
 221 0107 05       		.uleb128 0x5
 222 0108 03       		.byte	0x3
 223 0109 00000000 		.4byte	sdata
 224 010d 0C       		.uleb128 0xc
 225 010e 7B000000 		.4byte	.LASF14
 226 0112 7B000000 		.4byte	.LASF14
 227 0116 02       		.byte	0x2
 228 0117 25       		.byte	0x25
 229 0118 0C       		.uleb128 0xc
 230 0119 8E000000 		.4byte	.LASF15
 231 011d 8E000000 		.4byte	.LASF15
 232 0121 03       		.byte	0x3
 233 0122 E7       		.byte	0xe7
 234 0123 0C       		.uleb128 0xc
 235 0124 BF000000 		.4byte	.LASF16
 236 0128 BF000000 		.4byte	.LASF16
 237 012c 02       		.byte	0x2
 238 012d 2B       		.byte	0x2b
 239 012e 00       		.byte	0
 240              		.section	.debug_abbrev,"",%progbits
 241              	.Ldebug_abbrev0:
 242 0000 01       		.uleb128 0x1
 243 0001 11       		.uleb128 0x11
 244 0002 01       		.byte	0x1
 245 0003 25       		.uleb128 0x25
 246 0004 0E       		.uleb128 0xe
 247 0005 13       		.uleb128 0x13
 248 0006 0B       		.uleb128 0xb
 249 0007 03       		.uleb128 0x3
 250 0008 0E       		.uleb128 0xe
 251 0009 1B       		.uleb128 0x1b
 252 000a 0E       		.uleb128 0xe
 253 000b 55       		.uleb128 0x55
 254 000c 17       		.uleb128 0x17
ARM GAS  C:\Users\keega\AppData\Local\Temp\cc7rQ34v.s 			page 6


 255 000d 11       		.uleb128 0x11
 256 000e 01       		.uleb128 0x1
 257 000f 10       		.uleb128 0x10
 258 0010 17       		.uleb128 0x17
 259 0011 00       		.byte	0
 260 0012 00       		.byte	0
 261 0013 02       		.uleb128 0x2
 262 0014 24       		.uleb128 0x24
 263 0015 00       		.byte	0
 264 0016 0B       		.uleb128 0xb
 265 0017 0B       		.uleb128 0xb
 266 0018 3E       		.uleb128 0x3e
 267 0019 0B       		.uleb128 0xb
 268 001a 03       		.uleb128 0x3
 269 001b 0E       		.uleb128 0xe
 270 001c 00       		.byte	0
 271 001d 00       		.byte	0
 272 001e 03       		.uleb128 0x3
 273 001f 24       		.uleb128 0x24
 274 0020 00       		.byte	0
 275 0021 0B       		.uleb128 0xb
 276 0022 0B       		.uleb128 0xb
 277 0023 3E       		.uleb128 0x3e
 278 0024 0B       		.uleb128 0xb
 279 0025 03       		.uleb128 0x3
 280 0026 08       		.uleb128 0x8
 281 0027 00       		.byte	0
 282 0028 00       		.byte	0
 283 0029 04       		.uleb128 0x4
 284 002a 2E       		.uleb128 0x2e
 285 002b 01       		.byte	0x1
 286 002c 3F       		.uleb128 0x3f
 287 002d 19       		.uleb128 0x19
 288 002e 03       		.uleb128 0x3
 289 002f 0E       		.uleb128 0xe
 290 0030 3A       		.uleb128 0x3a
 291 0031 0B       		.uleb128 0xb
 292 0032 3B       		.uleb128 0x3b
 293 0033 0B       		.uleb128 0xb
 294 0034 27       		.uleb128 0x27
 295 0035 19       		.uleb128 0x19
 296 0036 49       		.uleb128 0x49
 297 0037 13       		.uleb128 0x13
 298 0038 8701     		.uleb128 0x87
 299 003a 19       		.uleb128 0x19
 300 003b 11       		.uleb128 0x11
 301 003c 01       		.uleb128 0x1
 302 003d 12       		.uleb128 0x12
 303 003e 06       		.uleb128 0x6
 304 003f 40       		.uleb128 0x40
 305 0040 18       		.uleb128 0x18
 306 0041 9742     		.uleb128 0x2117
 307 0043 19       		.uleb128 0x19
 308 0044 01       		.uleb128 0x1
 309 0045 13       		.uleb128 0x13
 310 0046 00       		.byte	0
 311 0047 00       		.byte	0
ARM GAS  C:\Users\keega\AppData\Local\Temp\cc7rQ34v.s 			page 7


 312 0048 05       		.uleb128 0x5
 313 0049 898201   		.uleb128 0x4109
 314 004c 00       		.byte	0
 315 004d 11       		.uleb128 0x11
 316 004e 01       		.uleb128 0x1
 317 004f 31       		.uleb128 0x31
 318 0050 13       		.uleb128 0x13
 319 0051 00       		.byte	0
 320 0052 00       		.byte	0
 321 0053 06       		.uleb128 0x6
 322 0054 898201   		.uleb128 0x4109
 323 0057 01       		.byte	0x1
 324 0058 11       		.uleb128 0x11
 325 0059 01       		.uleb128 0x1
 326 005a 31       		.uleb128 0x31
 327 005b 13       		.uleb128 0x13
 328 005c 01       		.uleb128 0x1
 329 005d 13       		.uleb128 0x13
 330 005e 00       		.byte	0
 331 005f 00       		.byte	0
 332 0060 07       		.uleb128 0x7
 333 0061 8A8201   		.uleb128 0x410a
 334 0064 00       		.byte	0
 335 0065 02       		.uleb128 0x2
 336 0066 18       		.uleb128 0x18
 337 0067 9142     		.uleb128 0x2111
 338 0069 18       		.uleb128 0x18
 339 006a 00       		.byte	0
 340 006b 00       		.byte	0
 341 006c 08       		.uleb128 0x8
 342 006d 898201   		.uleb128 0x4109
 343 0070 01       		.byte	0x1
 344 0071 11       		.uleb128 0x11
 345 0072 01       		.uleb128 0x1
 346 0073 31       		.uleb128 0x31
 347 0074 13       		.uleb128 0x13
 348 0075 00       		.byte	0
 349 0076 00       		.byte	0
 350 0077 09       		.uleb128 0x9
 351 0078 01       		.uleb128 0x1
 352 0079 01       		.byte	0x1
 353 007a 49       		.uleb128 0x49
 354 007b 13       		.uleb128 0x13
 355 007c 01       		.uleb128 0x1
 356 007d 13       		.uleb128 0x13
 357 007e 00       		.byte	0
 358 007f 00       		.byte	0
 359 0080 0A       		.uleb128 0xa
 360 0081 21       		.uleb128 0x21
 361 0082 00       		.byte	0
 362 0083 49       		.uleb128 0x49
 363 0084 13       		.uleb128 0x13
 364 0085 2F       		.uleb128 0x2f
 365 0086 0B       		.uleb128 0xb
 366 0087 00       		.byte	0
 367 0088 00       		.byte	0
 368 0089 0B       		.uleb128 0xb
ARM GAS  C:\Users\keega\AppData\Local\Temp\cc7rQ34v.s 			page 8


 369 008a 34       		.uleb128 0x34
 370 008b 00       		.byte	0
 371 008c 03       		.uleb128 0x3
 372 008d 0E       		.uleb128 0xe
 373 008e 3A       		.uleb128 0x3a
 374 008f 0B       		.uleb128 0xb
 375 0090 3B       		.uleb128 0x3b
 376 0091 0B       		.uleb128 0xb
 377 0092 49       		.uleb128 0x49
 378 0093 13       		.uleb128 0x13
 379 0094 3F       		.uleb128 0x3f
 380 0095 19       		.uleb128 0x19
 381 0096 02       		.uleb128 0x2
 382 0097 18       		.uleb128 0x18
 383 0098 00       		.byte	0
 384 0099 00       		.byte	0
 385 009a 0C       		.uleb128 0xc
 386 009b 2E       		.uleb128 0x2e
 387 009c 00       		.byte	0
 388 009d 3F       		.uleb128 0x3f
 389 009e 19       		.uleb128 0x19
 390 009f 3C       		.uleb128 0x3c
 391 00a0 19       		.uleb128 0x19
 392 00a1 6E       		.uleb128 0x6e
 393 00a2 0E       		.uleb128 0xe
 394 00a3 03       		.uleb128 0x3
 395 00a4 0E       		.uleb128 0xe
 396 00a5 3A       		.uleb128 0x3a
 397 00a6 0B       		.uleb128 0xb
 398 00a7 3B       		.uleb128 0x3b
 399 00a8 0B       		.uleb128 0xb
 400 00a9 00       		.byte	0
 401 00aa 00       		.byte	0
 402 00ab 00       		.byte	0
 403              		.section	.debug_aranges,"",%progbits
 404 0000 1C000000 		.4byte	0x1c
 405 0004 0200     		.2byte	0x2
 406 0006 00000000 		.4byte	.Ldebug_info0
 407 000a 04       		.byte	0x4
 408 000b 00       		.byte	0
 409 000c 0000     		.2byte	0
 410 000e 0000     		.2byte	0
 411 0010 00000000 		.4byte	.LFB67
 412 0014 2C000000 		.4byte	.LFE67-.LFB67
 413 0018 00000000 		.4byte	0
 414 001c 00000000 		.4byte	0
 415              		.section	.debug_ranges,"",%progbits
 416              	.Ldebug_ranges0:
 417 0000 00000000 		.4byte	.LFB67
 418 0004 2C000000 		.4byte	.LFE67
 419 0008 00000000 		.4byte	0
 420 000c 00000000 		.4byte	0
 421              		.section	.debug_line,"",%progbits
 422              	.Ldebug_line0:
 423 0000 B8000000 		.section	.debug_str,"MS",%progbits,1
 423      02009F00 
 423      00000201 
ARM GAS  C:\Users\keega\AppData\Local\Temp\cc7rQ34v.s 			page 9


 423      FB0E0D00 
 423      01010101 
 424              	.LASF6:
 425 0000 6C6F6E67 		.ascii	"long long int\000"
 425      206C6F6E 
 425      6720696E 
 425      7400
 426              	.LASF8:
 427 000e 756E7369 		.ascii	"unsigned int\000"
 427      676E6564 
 427      20696E74 
 427      00
 428              	.LASF19:
 429 001b 433A5C64 		.ascii	"C:\\dev\\_git_projects\\Capstone-Rework\\Capstone-R"
 429      65765C5F 
 429      6769745F 
 429      70726F6A 
 429      65637473 
 430 004a 65776F72 		.ascii	"ework_workspace\\Sensor_Cluster.cydsn\000"
 430      6B5F776F 
 430      726B7370 
 430      6163655C 
 430      53656E73 
 431              	.LASF18:
 432 006f 6D61696E 		.ascii	"main.c\000"
 432      2E6300
 433              	.LASF20:
 434 0076 6D61696E 		.ascii	"main\000"
 434      00
 435              	.LASF14:
 436 007b 55736572 		.ascii	"UserCore_Initalize\000"
 436      436F7265 
 436      5F496E69 
 436      74616C69 
 436      7A6500
 437              	.LASF15:
 438 008e 73707269 		.ascii	"sprintf\000"
 438      6E746600 
 439              	.LASF5:
 440 0096 6C6F6E67 		.ascii	"long unsigned int\000"
 440      20756E73 
 440      69676E65 
 440      6420696E 
 440      7400
 441              	.LASF7:
 442 00a8 6C6F6E67 		.ascii	"long long unsigned int\000"
 442      206C6F6E 
 442      6720756E 
 442      7369676E 
 442      65642069 
 443              	.LASF16:
 444 00bf 55415254 		.ascii	"UART_Write\000"
 444      5F577269 
 444      746500
 445              	.LASF1:
 446 00ca 756E7369 		.ascii	"unsigned char\000"
 446      676E6564 
ARM GAS  C:\Users\keega\AppData\Local\Temp\cc7rQ34v.s 			page 10


 446      20636861 
 446      7200
 447              	.LASF11:
 448 00d8 63686172 		.ascii	"char\000"
 448      00
 449              	.LASF4:
 450 00dd 6C6F6E67 		.ascii	"long int\000"
 450      20696E74 
 450      00
 451              	.LASF10:
 452 00e6 646F7562 		.ascii	"double\000"
 452      6C6500
 453              	.LASF17:
 454 00ed 474E5520 		.ascii	"GNU C11 5.4.1 20160609 (release) [ARM/embedded-5-br"
 454      43313120 
 454      352E342E 
 454      31203230 
 454      31363036 
 455 0120 616E6368 		.ascii	"anch revision 237715] -mcpu=cortex-m0 -mthumb -g -O"
 455      20726576 
 455      6973696F 
 455      6E203233 
 455      37373135 
 456 0153 67202D66 		.ascii	"g -ffunction-sections -ffat-lto-objects\000"
 456      66756E63 
 456      74696F6E 
 456      2D736563 
 456      74696F6E 
 457              	.LASF3:
 458 017b 73686F72 		.ascii	"short unsigned int\000"
 458      7420756E 
 458      7369676E 
 458      65642069 
 458      6E7400
 459              	.LASF0:
 460 018e 7369676E 		.ascii	"signed char\000"
 460      65642063 
 460      68617200 
 461              	.LASF12:
 462 019a 6C6F6E67 		.ascii	"long double\000"
 462      20646F75 
 462      626C6500 
 463              	.LASF9:
 464 01a6 666C6F61 		.ascii	"float\000"
 464      7400
 465              	.LASF21:
 466 01ac 73646174 		.ascii	"sdata\000"
 466      6100
 467              	.LASF2:
 468 01b2 73686F72 		.ascii	"short int\000"
 468      7420696E 
 468      7400
 469              	.LASF13:
 470 01bc 73697A65 		.ascii	"sizetype\000"
 470      74797065 
 470      00
 471              		.ident	"GCC: (GNU Tools for ARM Embedded Processors) 5.4.1 20160609 (release) [ARM/embedded-5-bran
ARM GAS  C:\Users\keega\AppData\Local\Temp\cc7rQ34v.s 			page 11


