ARM GAS  C:\Users\keega\AppData\Local\Temp\ccnwscHa.s 			page 1


   1              		.syntax unified
   2              		.cpu cortex-m0
   3              		.fpu softvfp
   4              		.eabi_attribute 20, 1
   5              		.eabi_attribute 21, 1
   6              		.eabi_attribute 23, 3
   7              		.eabi_attribute 24, 1
   8              		.eabi_attribute 25, 1
   9              		.eabi_attribute 26, 1
  10              		.eabi_attribute 30, 1
  11              		.eabi_attribute 34, 0
  12              		.eabi_attribute 18, 4
  13              		.thumb
  14              		.syntax unified
  15              		.file	"util.c"
  16              		.text
  17              	.Ltext0:
  18              		.cfi_sections	.debug_frame
  19              		.section	.text.SystemInit,"ax",%progbits
  20              		.align	2
  21              		.global	SystemInit
  22              		.code	16
  23              		.thumb_func
  24              		.type	SystemInit, %function
  25              	SystemInit:
  26              	.LFB34:
  27              		.file 1 "util.c"
   1:util.c        **** /* ========================================
   2:util.c        ****  *
   3:util.c        ****  * Copyright YOUR COMPANY, THE YEAR
   4:util.c        ****  * All Rights Reserved
   5:util.c        ****  * UNPUBLISHED, LICENSED SOFTWARE.
   6:util.c        ****  *
   7:util.c        ****  * CONFIDENTIAL AND PROPRIETARY INFORMATION
   8:util.c        ****  * WHICH IS THE PROPERTY OF your company.
   9:util.c        ****  *
  10:util.c        ****  * ========================================
  11:util.c        **** */
  12:util.c        **** 
  13:util.c        **** #include "util.h"
  14:util.c        **** 
  15:util.c        **** void SystemInit(void)
  16:util.c        **** {
  28              		.loc 1 16 0
  29              		.cfi_startproc
  30              		@ args = 0, pretend = 0, frame = 0
  31              		@ frame_needed = 0, uses_anonymous_args = 0
  32 0000 10B5     		push	{r4, lr}
  33              		.cfi_def_cfa_offset 8
  34              		.cfi_offset 4, -8
  35              		.cfi_offset 14, -4
  17:util.c        ****    UART_Start();
  36              		.loc 1 17 0
  37 0002 FFF7FEFF 		bl	UART_Start
  38              	.LVL0:
  18:util.c        **** }
  39              		.loc 1 18 0
ARM GAS  C:\Users\keega\AppData\Local\Temp\ccnwscHa.s 			page 2


  40              		@ sp needed
  41 0006 10BD     		pop	{r4, pc}
  42              		.cfi_endproc
  43              	.LFE34:
  44              		.size	SystemInit, .-SystemInit
  45              		.text
  46              	.Letext0:
  47              		.file 2 "Generated_Source\\PSoC4/UART.h"
  48              		.section	.debug_info,"",%progbits
  49              	.Ldebug_info0:
  50 0000 B5000000 		.4byte	0xb5
  51 0004 0400     		.2byte	0x4
  52 0006 00000000 		.4byte	.Ldebug_abbrev0
  53 000a 04       		.byte	0x4
  54 000b 01       		.uleb128 0x1
  55 000c DE000000 		.4byte	.LASF14
  56 0010 0C       		.byte	0xc
  57 0011 D0000000 		.4byte	.LASF15
  58 0015 26000000 		.4byte	.LASF16
  59 0019 00000000 		.4byte	.Ldebug_ranges0+0
  60 001d 00000000 		.4byte	0
  61 0021 00000000 		.4byte	.Ldebug_line0
  62 0025 02       		.uleb128 0x2
  63 0026 01       		.byte	0x1
  64 0027 06       		.byte	0x6
  65 0028 7F010000 		.4byte	.LASF0
  66 002c 02       		.uleb128 0x2
  67 002d 01       		.byte	0x1
  68 002e 08       		.byte	0x8
  69 002f B4000000 		.4byte	.LASF1
  70 0033 02       		.uleb128 0x2
  71 0034 02       		.byte	0x2
  72 0035 05       		.byte	0x5
  73 0036 97010000 		.4byte	.LASF2
  74 003a 02       		.uleb128 0x2
  75 003b 02       		.byte	0x2
  76 003c 07       		.byte	0x7
  77 003d 6C010000 		.4byte	.LASF3
  78 0041 02       		.uleb128 0x2
  79 0042 04       		.byte	0x4
  80 0043 05       		.byte	0x5
  81 0044 C7000000 		.4byte	.LASF4
  82 0048 02       		.uleb128 0x2
  83 0049 04       		.byte	0x4
  84 004a 07       		.byte	0x7
  85 004b 7A000000 		.4byte	.LASF5
  86 004f 02       		.uleb128 0x2
  87 0050 08       		.byte	0x8
  88 0051 05       		.byte	0x5
  89 0052 00000000 		.4byte	.LASF6
  90 0056 02       		.uleb128 0x2
  91 0057 08       		.byte	0x8
  92 0058 07       		.byte	0x7
  93 0059 8C000000 		.4byte	.LASF7
  94 005d 03       		.uleb128 0x3
  95 005e 04       		.byte	0x4
  96 005f 05       		.byte	0x5
ARM GAS  C:\Users\keega\AppData\Local\Temp\ccnwscHa.s 			page 3


  97 0060 696E7400 		.ascii	"int\000"
  98 0064 02       		.uleb128 0x2
  99 0065 04       		.byte	0x4
 100 0066 07       		.byte	0x7
 101 0067 19000000 		.4byte	.LASF8
 102 006b 02       		.uleb128 0x2
 103 006c 04       		.byte	0x4
 104 006d 04       		.byte	0x4
 105 006e A3000000 		.4byte	.LASF9
 106 0072 02       		.uleb128 0x2
 107 0073 08       		.byte	0x8
 108 0074 04       		.byte	0x4
 109 0075 D7000000 		.4byte	.LASF10
 110 0079 02       		.uleb128 0x2
 111 007a 01       		.byte	0x1
 112 007b 08       		.byte	0x8
 113 007c C2000000 		.4byte	.LASF11
 114 0080 02       		.uleb128 0x2
 115 0081 08       		.byte	0x8
 116 0082 04       		.byte	0x4
 117 0083 8B010000 		.4byte	.LASF12
 118 0087 02       		.uleb128 0x2
 119 0088 04       		.byte	0x4
 120 0089 07       		.byte	0x7
 121 008a A1010000 		.4byte	.LASF13
 122 008e 04       		.uleb128 0x4
 123 008f 0E000000 		.4byte	.LASF17
 124 0093 01       		.byte	0x1
 125 0094 0F       		.byte	0xf
 126 0095 00000000 		.4byte	.LFB34
 127 0099 08000000 		.4byte	.LFE34-.LFB34
 128 009d 01       		.uleb128 0x1
 129 009e 9C       		.byte	0x9c
 130 009f AD000000 		.4byte	0xad
 131 00a3 05       		.uleb128 0x5
 132 00a4 06000000 		.4byte	.LVL0
 133 00a8 AD000000 		.4byte	0xad
 134 00ac 00       		.byte	0
 135 00ad 06       		.uleb128 0x6
 136 00ae A9000000 		.4byte	.LASF18
 137 00b2 A9000000 		.4byte	.LASF18
 138 00b6 02       		.byte	0x2
 139 00b7 72       		.byte	0x72
 140 00b8 00       		.byte	0
 141              		.section	.debug_abbrev,"",%progbits
 142              	.Ldebug_abbrev0:
 143 0000 01       		.uleb128 0x1
 144 0001 11       		.uleb128 0x11
 145 0002 01       		.byte	0x1
 146 0003 25       		.uleb128 0x25
 147 0004 0E       		.uleb128 0xe
 148 0005 13       		.uleb128 0x13
 149 0006 0B       		.uleb128 0xb
 150 0007 03       		.uleb128 0x3
 151 0008 0E       		.uleb128 0xe
 152 0009 1B       		.uleb128 0x1b
 153 000a 0E       		.uleb128 0xe
ARM GAS  C:\Users\keega\AppData\Local\Temp\ccnwscHa.s 			page 4


 154 000b 55       		.uleb128 0x55
 155 000c 17       		.uleb128 0x17
 156 000d 11       		.uleb128 0x11
 157 000e 01       		.uleb128 0x1
 158 000f 10       		.uleb128 0x10
 159 0010 17       		.uleb128 0x17
 160 0011 00       		.byte	0
 161 0012 00       		.byte	0
 162 0013 02       		.uleb128 0x2
 163 0014 24       		.uleb128 0x24
 164 0015 00       		.byte	0
 165 0016 0B       		.uleb128 0xb
 166 0017 0B       		.uleb128 0xb
 167 0018 3E       		.uleb128 0x3e
 168 0019 0B       		.uleb128 0xb
 169 001a 03       		.uleb128 0x3
 170 001b 0E       		.uleb128 0xe
 171 001c 00       		.byte	0
 172 001d 00       		.byte	0
 173 001e 03       		.uleb128 0x3
 174 001f 24       		.uleb128 0x24
 175 0020 00       		.byte	0
 176 0021 0B       		.uleb128 0xb
 177 0022 0B       		.uleb128 0xb
 178 0023 3E       		.uleb128 0x3e
 179 0024 0B       		.uleb128 0xb
 180 0025 03       		.uleb128 0x3
 181 0026 08       		.uleb128 0x8
 182 0027 00       		.byte	0
 183 0028 00       		.byte	0
 184 0029 04       		.uleb128 0x4
 185 002a 2E       		.uleb128 0x2e
 186 002b 01       		.byte	0x1
 187 002c 3F       		.uleb128 0x3f
 188 002d 19       		.uleb128 0x19
 189 002e 03       		.uleb128 0x3
 190 002f 0E       		.uleb128 0xe
 191 0030 3A       		.uleb128 0x3a
 192 0031 0B       		.uleb128 0xb
 193 0032 3B       		.uleb128 0x3b
 194 0033 0B       		.uleb128 0xb
 195 0034 27       		.uleb128 0x27
 196 0035 19       		.uleb128 0x19
 197 0036 11       		.uleb128 0x11
 198 0037 01       		.uleb128 0x1
 199 0038 12       		.uleb128 0x12
 200 0039 06       		.uleb128 0x6
 201 003a 40       		.uleb128 0x40
 202 003b 18       		.uleb128 0x18
 203 003c 9742     		.uleb128 0x2117
 204 003e 19       		.uleb128 0x19
 205 003f 01       		.uleb128 0x1
 206 0040 13       		.uleb128 0x13
 207 0041 00       		.byte	0
 208 0042 00       		.byte	0
 209 0043 05       		.uleb128 0x5
 210 0044 898201   		.uleb128 0x4109
ARM GAS  C:\Users\keega\AppData\Local\Temp\ccnwscHa.s 			page 5


 211 0047 00       		.byte	0
 212 0048 11       		.uleb128 0x11
 213 0049 01       		.uleb128 0x1
 214 004a 31       		.uleb128 0x31
 215 004b 13       		.uleb128 0x13
 216 004c 00       		.byte	0
 217 004d 00       		.byte	0
 218 004e 06       		.uleb128 0x6
 219 004f 2E       		.uleb128 0x2e
 220 0050 00       		.byte	0
 221 0051 3F       		.uleb128 0x3f
 222 0052 19       		.uleb128 0x19
 223 0053 3C       		.uleb128 0x3c
 224 0054 19       		.uleb128 0x19
 225 0055 6E       		.uleb128 0x6e
 226 0056 0E       		.uleb128 0xe
 227 0057 03       		.uleb128 0x3
 228 0058 0E       		.uleb128 0xe
 229 0059 3A       		.uleb128 0x3a
 230 005a 0B       		.uleb128 0xb
 231 005b 3B       		.uleb128 0x3b
 232 005c 0B       		.uleb128 0xb
 233 005d 00       		.byte	0
 234 005e 00       		.byte	0
 235 005f 00       		.byte	0
 236              		.section	.debug_aranges,"",%progbits
 237 0000 1C000000 		.4byte	0x1c
 238 0004 0200     		.2byte	0x2
 239 0006 00000000 		.4byte	.Ldebug_info0
 240 000a 04       		.byte	0x4
 241 000b 00       		.byte	0
 242 000c 0000     		.2byte	0
 243 000e 0000     		.2byte	0
 244 0010 00000000 		.4byte	.LFB34
 245 0014 08000000 		.4byte	.LFE34-.LFB34
 246 0018 00000000 		.4byte	0
 247 001c 00000000 		.4byte	0
 248              		.section	.debug_ranges,"",%progbits
 249              	.Ldebug_ranges0:
 250 0000 00000000 		.4byte	.LFB34
 251 0004 08000000 		.4byte	.LFE34
 252 0008 00000000 		.4byte	0
 253 000c 00000000 		.4byte	0
 254              		.section	.debug_line,"",%progbits
 255              	.Ldebug_line0:
 256 0000 55000000 		.section	.debug_str,"MS",%progbits,1
 256      02003E00 
 256      00000201 
 256      FB0E0D00 
 256      01010101 
 257              	.LASF6:
 258 0000 6C6F6E67 		.ascii	"long long int\000"
 258      206C6F6E 
 258      6720696E 
 258      7400
 259              	.LASF17:
 260 000e 53797374 		.ascii	"SystemInit\000"
ARM GAS  C:\Users\keega\AppData\Local\Temp\ccnwscHa.s 			page 6


 260      656D496E 
 260      697400
 261              	.LASF8:
 262 0019 756E7369 		.ascii	"unsigned int\000"
 262      676E6564 
 262      20696E74 
 262      00
 263              	.LASF16:
 264 0026 433A5C64 		.ascii	"C:\\dev\\_git_projects\\Capstone-Rework\\Capstone-R"
 264      65765C5F 
 264      6769745F 
 264      70726F6A 
 264      65637473 
 265 0055 65776F72 		.ascii	"ework_workspace\\Sensor_Cluster.cydsn\000"
 265      6B5F776F 
 265      726B7370 
 265      6163655C 
 265      53656E73 
 266              	.LASF5:
 267 007a 6C6F6E67 		.ascii	"long unsigned int\000"
 267      20756E73 
 267      69676E65 
 267      6420696E 
 267      7400
 268              	.LASF7:
 269 008c 6C6F6E67 		.ascii	"long long unsigned int\000"
 269      206C6F6E 
 269      6720756E 
 269      7369676E 
 269      65642069 
 270              	.LASF9:
 271 00a3 666C6F61 		.ascii	"float\000"
 271      7400
 272              	.LASF18:
 273 00a9 55415254 		.ascii	"UART_Start\000"
 273      5F537461 
 273      727400
 274              	.LASF1:
 275 00b4 756E7369 		.ascii	"unsigned char\000"
 275      676E6564 
 275      20636861 
 275      7200
 276              	.LASF11:
 277 00c2 63686172 		.ascii	"char\000"
 277      00
 278              	.LASF4:
 279 00c7 6C6F6E67 		.ascii	"long int\000"
 279      20696E74 
 279      00
 280              	.LASF15:
 281 00d0 7574696C 		.ascii	"util.c\000"
 281      2E6300
 282              	.LASF10:
 283 00d7 646F7562 		.ascii	"double\000"
 283      6C6500
 284              	.LASF14:
 285 00de 474E5520 		.ascii	"GNU C11 5.4.1 20160609 (release) [ARM/embedded-5-br"
ARM GAS  C:\Users\keega\AppData\Local\Temp\ccnwscHa.s 			page 7


 285      43313120 
 285      352E342E 
 285      31203230 
 285      31363036 
 286 0111 616E6368 		.ascii	"anch revision 237715] -mcpu=cortex-m0 -mthumb -g -O"
 286      20726576 
 286      6973696F 
 286      6E203233 
 286      37373135 
 287 0144 67202D66 		.ascii	"g -ffunction-sections -ffat-lto-objects\000"
 287      66756E63 
 287      74696F6E 
 287      2D736563 
 287      74696F6E 
 288              	.LASF3:
 289 016c 73686F72 		.ascii	"short unsigned int\000"
 289      7420756E 
 289      7369676E 
 289      65642069 
 289      6E7400
 290              	.LASF0:
 291 017f 7369676E 		.ascii	"signed char\000"
 291      65642063 
 291      68617200 
 292              	.LASF12:
 293 018b 6C6F6E67 		.ascii	"long double\000"
 293      20646F75 
 293      626C6500 
 294              	.LASF2:
 295 0197 73686F72 		.ascii	"short int\000"
 295      7420696E 
 295      7400
 296              	.LASF13:
 297 01a1 73697A65 		.ascii	"sizetype\000"
 297      74797065 
 297      00
 298              		.ident	"GCC: (GNU Tools for ARM Embedded Processors) 5.4.1 20160609 (release) [ARM/embedded-5-bran
